Building DAG of jobs...
Using shell: /usr/bin/bash
Provided cores: 32
Rules claiming more threads will be scaled down.
Job counts:
	count	jobs
	1	all
	1	chi
	1	dis2vcf
	1	vep
	4

[Fri Jun 12 19:00:15 2020]
rule chi:
    input: /diskmnt/Projects/Users/wliang/MSIsensor2/03_msi2vcf/input/UCEC/C3L-00006_dis.gz
    output: /diskmnt/Projects/Users/wliang/MSIsensor2/03_msi2vcf/output/C3L-00006.chi_dis
    log: /diskmnt/Projects/Users/wliang/MSIsensor2/03_msi2vcf/output/logs/C3L-00006.chi.log
    jobid: 3
    wildcards: sample=C3L-00006

zcat /diskmnt/Projects/Users/wliang/MSIsensor2/03_msi2vcf/input/UCEC/C3L-00006_dis.gz | python scripts/chi.py - /diskmnt/Projects/Users/wliang/MSIsensor2/03_msi2vcf/output/C3L-00006.chi_dis
[Fri Jun 12 19:00:15 2020]
Error in rule chi:
    jobid: 3
    output: /diskmnt/Projects/Users/wliang/MSIsensor2/03_msi2vcf/output/C3L-00006.chi_dis
    log: /diskmnt/Projects/Users/wliang/MSIsensor2/03_msi2vcf/output/logs/C3L-00006.chi.log (check log file(s) for error message)
    shell:
        zcat /diskmnt/Projects/Users/wliang/MSIsensor2/03_msi2vcf/input/UCEC/C3L-00006_dis.gz | python scripts/chi.py - /diskmnt/Projects/Users/wliang/MSIsensor2/03_msi2vcf/output/C3L-00006.chi_dis
        (one of the commands exited with non-zero exit code; note that snakemake uses bash strict mode!)

Shutting down, this might take some time.
Exiting because a job execution failed. Look above for error message
Complete log: /diskmnt/Projects/Users/wliang/MSIsensor2/pvacseq_msi/.snakemake/log/2020-06-12T190014.787179.snakemake.log
